<?xml version="1.0" encoding="utf-8" standalone="yes"?>
<coverage line-rate="0" branch-rate="0" complexity="99" version="1.9" timestamp="1761924126" lines-valid="157" branches-valid="62">
  <packages>
    <package line-rate="0" branch-rate="0" complexity="99" name="MSTest.TestAdapter">
      <classes>
        <class line-rate="0" branch-rate="1" complexity="2" name="Microsoft.VisualStudio.TestTools.UnitTesting.BridgedConfiguration" filename="/_/src/Adapter/MSTest.TestAdapter/TestingPlatformAdapter/BridgedConfiguration.cs">
          <methods>
            <method line-rate="0" branch-rate="1" complexity="1" name=".ctor" signature="(Microsoft.Testing.Platform.Configurations.IConfiguration)">
              <lines>
                <line number="16" hits="0" branch="False" />
                <line number="17" hits="0" branch="False" />
              </lines>
            </method>
            <method line-rate="0" branch-rate="1" complexity="1" name="get_Item" signature="(string)">
              <lines>
                <line number="19" hits="0" branch="False" />
              </lines>
            </method>
          </methods>
          <lines>
            <line number="16" hits="0" branch="False" />
            <line number="17" hits="0" branch="False" />
            <line number="19" hits="0" branch="False" />
          </lines>
        </class>
        <class line-rate="0" branch-rate="0" complexity="7" name="Microsoft.VisualStudio.TestTools.UnitTesting.BridgedTraceLogger" filename="/_/src/Adapter/MSTest.TestAdapter/TestingPlatformAdapter/BridgedTraceLogger.cs">
          <methods>
            <method line-rate="0" branch-rate="1" complexity="1" name=".ctor" signature="(Microsoft.Testing.Platform.Logging.ILogger)">
              <lines>
                <line number="15" hits="0" branch="False" />
                <line number="16" hits="0" branch="False" />
              </lines>
            </method>
            <method line-rate="0" branch-rate="0" complexity="2" name="LogError" signature="(string, object[])">
              <lines>
                <line number="20" hits="0" branch="True" condition-coverage="0% (0/2)">
                  <conditions>
                    <condition number="0" type="jump" coverage="0%" />
                  </conditions>
                </line>
                <line number="22" hits="0" branch="False" />
                <line number="24" hits="0" branch="False" />
              </lines>
            </method>
            <method line-rate="0" branch-rate="0" complexity="2" name="LogInfo" signature="(string, object[])">
              <lines>
                <line number="28" hits="0" branch="True" condition-coverage="0% (0/2)">
                  <conditions>
                    <condition number="0" type="jump" coverage="0%" />
                  </conditions>
                </line>
                <line number="30" hits="0" branch="False" />
                <line number="32" hits="0" branch="False" />
              </lines>
            </method>
            <method line-rate="0" branch-rate="0" complexity="2" name="LogWarning" signature="(string, object[])">
              <lines>
                <line number="36" hits="0" branch="True" condition-coverage="0% (0/2)">
                  <conditions>
                    <condition number="0" type="jump" coverage="0%" />
                  </conditions>
                </line>
                <line number="38" hits="0" branch="False" />
                <line number="40" hits="0" branch="False" />
              </lines>
            </method>
          </methods>
          <lines>
            <line number="15" hits="0" branch="False" />
            <line number="16" hits="0" branch="False" />
            <line number="20" hits="0" branch="True" condition-coverage="0% (0/2)">
              <conditions>
                <condition number="0" type="jump" coverage="0%" />
              </conditions>
            </line>
            <line number="22" hits="0" branch="False" />
            <line number="24" hits="0" branch="False" />
            <line number="28" hits="0" branch="True" condition-coverage="0% (0/2)">
              <conditions>
                <condition number="0" type="jump" coverage="0%" />
              </conditions>
            </line>
            <line number="30" hits="0" branch="False" />
            <line number="32" hits="0" branch="False" />
            <line number="36" hits="0" branch="True" condition-coverage="0% (0/2)">
              <conditions>
                <condition number="0" type="jump" coverage="0%" />
              </conditions>
            </line>
            <line number="38" hits="0" branch="False" />
            <line number="40" hits="0" branch="False" />
          </lines>
        </class>
        <class line-rate="0" branch-rate="0" complexity="3" name="Microsoft.VisualStudio.TestTools.UnitTesting.MSTestBannerCapability" filename="/_/src/Adapter/MSTest.TestAdapter/TestingPlatformAdapter/MSTestBannerCapability.cs">
          <methods>
            <method line-rate="0" branch-rate="1" complexity="1" name=".ctor" signature="(Microsoft.Testing.Platform.Services.IPlatformInformation)">
              <lines>
                <line number="15" hits="0" branch="False" />
              </lines>
            </method>
            <method line-rate="0" branch-rate="0" complexity="2" name="GetBannerMessageAsync" signature="()">
              <lines>
                <line number="19" hits="0" branch="False" />
                <line number="20" hits="0" branch="False" />
                <line number="21" hits="0" branch="False" />
                <line number="23" hits="0" branch="True" condition-coverage="0% (0/2)">
                  <conditions>
                    <condition number="0" type="jump" coverage="0%" />
                  </conditions>
                </line>
                <line number="25" hits="0" branch="False" />
                <line number="26" hits="0" branch="False" />
                <line number="27" hits="0" branch="False" />
                <line number="34" hits="0" branch="False" />
                <line number="38" hits="0" branch="False" />
                <line number="40" hits="0" branch="False" />
                <line number="41" hits="0" branch="False" />
                <line number="42" hits="0" branch="False" />
                <line number="45" hits="0" branch="False" />
              </lines>
            </method>
          </methods>
          <lines>
            <line number="15" hits="0" branch="False" />
            <line number="19" hits="0" branch="False" />
            <line number="20" hits="0" branch="False" />
            <line number="21" hits="0" branch="False" />
            <line number="23" hits="0" branch="True" condition-coverage="0% (0/2)">
              <conditions>
                <condition number="0" type="jump" coverage="0%" />
              </conditions>
            </line>
            <line number="25" hits="0" branch="False" />
            <line number="26" hits="0" branch="False" />
            <line number="27" hits="0" branch="False" />
            <line number="34" hits="0" branch="False" />
            <line number="38" hits="0" branch="False" />
            <line number="40" hits="0" branch="False" />
            <line number="41" hits="0" branch="False" />
            <line number="42" hits="0" branch="False" />
            <line number="45" hits="0" branch="False" />
          </lines>
        </class>
        <class line-rate="0" branch-rate="0" complexity="5" name="Microsoft.VisualStudio.TestTools.UnitTesting.MSTestBridgedTestFramework" filename="/_/src/Adapter/MSTest.TestAdapter/TestingPlatformAdapter/MSTestBridgedTestFramework.cs">
          <methods>
            <method line-rate="0" branch-rate="1" complexity="1" name=".ctor" signature="(Microsoft.VisualStudio.TestTools.UnitTesting.MSTestExtension, System.Func&lt;System.Collections.Generic.IEnumerable&lt;System.Reflection.Assembly&gt;&gt;, System.IServiceProvider, Microsoft.Testing.Platform.Capabilities.TestFramework.ITestFrameworkCapabilities)">
              <lines>
                <line number="23" hits="0" branch="False" />
                <line number="25" hits="0" branch="False" />
                <line number="26" hits="0" branch="False" />
                <line number="27" hits="0" branch="False" />
              </lines>
            </method>
            <method line-rate="0" branch-rate="0" complexity="4" name="SynchronizedDiscoverTestsAsync" signature="(Microsoft.Testing.Extensions.VSTestBridge.Requests.VSTestDiscoverTestExecutionRequest, Microsoft.Testing.Platform.Messages.IMessageBus, System.Threading.CancellationToken)">
              <lines>
                <line number="33" hits="0" branch="True" condition-coverage="0% (0/4)">
                  <conditions>
                    <condition number="0" type="jump" coverage="0%" />
                    <condition number="1" type="jump" coverage="0%" />
                  </conditions>
                </line>
                <line number="34" hits="0" branch="False" />
                <line number="36" hits="0" branch="False" />
                <line number="39" hits="0" branch="False" />
                <line number="40" hits="0" branch="False" />
                <line number="41" hits="0" branch="False" />
              </lines>
            </method>
          </methods>
          <lines>
            <line number="23" hits="0" branch="False" />
            <line number="25" hits="0" branch="False" />
            <line number="26" hits="0" branch="False" />
            <line number="27" hits="0" branch="False" />
            <line number="33" hits="0" branch="True" condition-coverage="0% (0/4)">
              <conditions>
                <condition number="0" type="jump" coverage="0%" />
                <condition number="1" type="jump" coverage="0%" />
              </conditions>
            </line>
            <line number="34" hits="0" branch="False" />
            <line number="36" hits="0" branch="False" />
            <line number="39" hits="0" branch="False" />
            <line number="40" hits="0" branch="False" />
            <line number="41" hits="0" branch="False" />
          </lines>
        </class>
        <class line-rate="0" branch-rate="0" complexity="16" name="Microsoft.VisualStudio.TestTools.UnitTesting.MSTestExtension" filename="/_/src/Adapter/MSTest.TestAdapter/TestingPlatformAdapter/MSTestExtension.cs">
          <methods>
            <method line-rate="0" branch-rate="1" complexity="1" name="get_Uid" signature="()">
              <lines>
                <line number="12" hits="0" branch="False" />
              </lines>
            </method>
            <method line-rate="0" branch-rate="1" complexity="1" name="get_DisplayName" signature="()">
              <lines>
                <line number="14" hits="0" branch="False" />
              </lines>
            </method>
            <method line-rate="0" branch-rate="1" complexity="1" name="get_Version" signature="()">
              <lines>
                <line number="16" hits="0" branch="False" />
              </lines>
            </method>
            <method line-rate="0" branch-rate="1" complexity="1" name="get_Description" signature="()">
              <lines>
                <line number="18" hits="0" branch="False" />
              </lines>
            </method>
            <method line-rate="0" branch-rate="1" complexity="1" name="IsEnabledAsync" signature="()">
              <lines>
                <line number="20" hits="0" branch="False" />
              </lines>
            </method>
            <method line-rate="0" branch-rate="0" complexity="10" name="GetExtensionUid" signature="()">
              <lines>
                <line number="24" hits="0" branch="True" condition-coverage="0% (0/2)">
                  <conditions>
                    <condition number="0" type="jump" coverage="0%" />
                  </conditions>
                </line>
                <line number="25" hits="0" branch="True" condition-coverage="0% (0/8)">
                  <conditions>
                    <condition number="0" type="jump" coverage="0%" />
                    <condition number="1" type="jump" coverage="0%" />
                    <condition number="2" type="jump" coverage="0%" />
                    <condition number="3" type="jump" coverage="0%" />
                  </conditions>
                </line>
              </lines>
            </method>
            <method line-rate="0" branch-rate="1" complexity="1" name=".ctor" signature="()">
              <lines>
                <line number="12" hits="0" branch="False" />
              </lines>
            </method>
          </methods>
          <lines>
            <line number="12" hits="0" branch="False" />
            <line number="14" hits="0" branch="False" />
            <line number="16" hits="0" branch="False" />
            <line number="18" hits="0" branch="False" />
            <line number="20" hits="0" branch="False" />
            <line number="24" hits="0" branch="True" condition-coverage="0% (0/2)">
              <conditions>
                <condition number="0" type="jump" coverage="0%" />
              </conditions>
            </line>
            <line number="25" hits="0" branch="True" condition-coverage="0% (0/8)">
              <conditions>
                <condition number="0" type="jump" coverage="0%" />
                <condition number="1" type="jump" coverage="0%" />
                <condition number="2" type="jump" coverage="0%" />
                <condition number="3" type="jump" coverage="0%" />
              </conditions>
            </line>
          </lines>
        </class>
        <class line-rate="0" branch-rate="1" complexity="4" name="Microsoft.VisualStudio.TestTools.UnitTesting.MSTestGracefulStopTestExecutionCapability" filename="/_/src/Adapter/MSTest.TestAdapter/TestingPlatformAdapter/MSTestGracefulStopTestExecutionCapability.cs">
          <methods>
            <method line-rate="0" branch-rate="1" complexity="1" name=".ctor" signature="()">
              <lines>
                <line number="13" hits="0" branch="False" />
                <line number="15" hits="0" branch="False" />
              </lines>
            </method>
            <method line-rate="0" branch-rate="1" complexity="1" name="get_Instance" signature="()">
              <lines>
                <line number="17" hits="0" branch="False" />
              </lines>
            </method>
            <method line-rate="0" branch-rate="1" complexity="1" name="StopTestExecutionAsync" signature="(System.Threading.CancellationToken)">
              <lines>
                <line number="21" hits="0" branch="False" />
                <line number="22" hits="0" branch="False" />
              </lines>
            </method>
            <method line-rate="0" branch-rate="1" complexity="1" name=".cctor" signature="()">
              <lines>
                <line number="17" hits="0" branch="False" />
              </lines>
            </method>
          </methods>
          <lines>
            <line number="13" hits="0" branch="False" />
            <line number="15" hits="0" branch="False" />
            <line number="17" hits="0" branch="False" />
            <line number="21" hits="0" branch="False" />
            <line number="22" hits="0" branch="False" />
          </lines>
        </class>
        <class line-rate="0" branch-rate="0" complexity="2" name="Microsoft.VisualStudio.TestTools.UnitTesting.TestApplicationBuilderExtensions" filename="/_/src/Adapter/MSTest.TestAdapter/TestingPlatformAdapter/TestApplicationBuilderExtensions.cs">
          <methods>
            <method line-rate="0" branch-rate="0" complexity="2" name="AddMSTest" signature="(Microsoft.Testing.Platform.Builder.ITestApplicationBuilder, System.Func&lt;System.Collections.Generic.IEnumerable&lt;System.Reflection.Assembly&gt;&gt;)">
              <lines>
                <line number="38" hits="0" branch="False" />
                <line number="39" hits="0" branch="False" />
                <line number="40" hits="0" branch="False" />
                <line number="41" hits="0" branch="False" />
                <line number="42" hits="0" branch="False" />
                <line number="43" hits="0" branch="False" />
                <line number="44" hits="0" branch="True" condition-coverage="0% (0/2)">
                  <conditions>
                    <condition number="0" type="jump" coverage="0%" />
                  </conditions>
                </line>
                <line number="50" hits="0" branch="False" />
              </lines>
            </method>
          </methods>
          <lines>
            <line number="38" hits="0" branch="False" />
            <line number="39" hits="0" branch="False" />
            <line number="40" hits="0" branch="False" />
            <line number="41" hits="0" branch="False" />
            <line number="42" hits="0" branch="False" />
            <line number="43" hits="0" branch="False" />
            <line number="44" hits="0" branch="True" condition-coverage="0% (0/2)">
              <conditions>
                <condition number="0" type="jump" coverage="0%" />
              </conditions>
            </line>
            <line number="50" hits="0" branch="False" />
          </lines>
        </class>
        <class line-rate="0" branch-rate="0" complexity="2" name="Microsoft.VisualStudio.TestTools.UnitTesting.TestingPlatformBuilderHook" filename="/_/src/Adapter/MSTest.TestAdapter/TestingPlatformAdapter/TestingPlatformBuilderHook.cs">
          <methods>
            <method line-rate="0" branch-rate="0" complexity="2" name="AddExtensions" signature="(Microsoft.Testing.Platform.Builder.ITestApplicationBuilder, string[])">
              <lines>
                <line number="22" hits="0" branch="True" condition-coverage="0% (0/2)">
                  <conditions>
                    <condition number="0" type="jump" coverage="0%" />
                  </conditions>
                </line>
              </lines>
            </method>
          </methods>
          <lines>
            <line number="22" hits="0" branch="True" condition-coverage="0% (0/2)">
              <conditions>
                <condition number="0" type="jump" coverage="0%" />
              </conditions>
            </line>
          </lines>
        </class>
        <class line-rate="0" branch-rate="1" complexity="2" name="Microsoft.VisualStudio.TestPlatform.TestExtensionTypesAttribute" filename="/_/src/Adapter/MSTest.TestAdapter/Properties/TestExtensionTypesAttribute.cs">
          <methods>
            <method line-rate="0" branch-rate="1" complexity="1" name=".ctor" signature="(System.Type[])">
              <lines>
                <line number="12" hits="0" branch="False" />
              </lines>
            </method>
            <method line-rate="0" branch-rate="1" complexity="1" name="get_Types" signature="()">
              <lines>
                <line number="14" hits="0" branch="False" />
              </lines>
            </method>
          </methods>
          <lines>
            <line number="12" hits="0" branch="False" />
            <line number="14" hits="0" branch="False" />
          </lines>
        </class>
        <class line-rate="0" branch-rate="0" complexity="5" name="Microsoft.VisualStudio.TestPlatform.MSTest.TestAdapter.MSTestDiscoverer" filename="/_/src/Adapter/MSTest.TestAdapter/VSTestAdapter/MSTestDiscoverer.cs">
          <methods>
            <method line-rate="0" branch-rate="1" complexity="1" name=".ctor" signature="()">
              <lines>
                <line number="25" hits="0" branch="False" />
                <line number="27" hits="0" branch="False" />
              </lines>
            </method>
            <method line-rate="0" branch-rate="1" complexity="1" name=".ctor" signature="(Microsoft.VisualStudio.TestPlatform.MSTestAdapter.PlatformServices.Interface.ITestSourceHandler)">
              <lines>
                <line number="29" hits="0" branch="False" />
                <line number="30" hits="0" branch="False" />
              </lines>
            </method>
            <method line-rate="0" branch-rate="1" complexity="1" name="DiscoverTests" signature="(System.Collections.Generic.IEnumerable&lt;string&gt;, Microsoft.VisualStudio.TestPlatform.ObjectModel.Adapter.IDiscoveryContext, Microsoft.VisualStudio.TestPlatform.ObjectModel.Logging.IMessageLogger, Microsoft.VisualStudio.TestPlatform.ObjectModel.Adapter.ITestCaseDiscoverySink)">
              <lines>
                <line number="42" hits="0" branch="False" />
              </lines>
            </method>
            <method line-rate="0" branch-rate="0" complexity="2" name="DiscoverTests" signature="(System.Collections.Generic.IEnumerable&lt;string&gt;, Microsoft.VisualStudio.TestPlatform.ObjectModel.Adapter.IDiscoveryContext, Microsoft.VisualStudio.TestPlatform.ObjectModel.Logging.IMessageLogger, Microsoft.VisualStudio.TestPlatform.ObjectModel.Adapter.ITestCaseDiscoverySink, Microsoft.VisualStudio.TestPlatform.MSTestAdapter.PlatformServices.Interface.IConfiguration)">
              <lines>
                <line number="46" hits="0" branch="False" />
                <line number="47" hits="0" branch="False" />
                <line number="48" hits="0" branch="False" />
                <line number="50" hits="0" branch="True" condition-coverage="0% (0/2)">
                  <conditions>
                    <condition number="0" type="jump" coverage="0%" />
                  </conditions>
                </line>
                <line number="52" hits="0" branch="False" />
                <line number="54" hits="0" branch="False" />
              </lines>
            </method>
          </methods>
          <lines>
            <line number="25" hits="0" branch="False" />
            <line number="27" hits="0" branch="False" />
            <line number="29" hits="0" branch="False" />
            <line number="30" hits="0" branch="False" />
            <line number="42" hits="0" branch="False" />
            <line number="46" hits="0" branch="False" />
            <line number="47" hits="0" branch="False" />
            <line number="48" hits="0" branch="False" />
            <line number="50" hits="0" branch="True" condition-coverage="0% (0/2)">
              <conditions>
                <condition number="0" type="jump" coverage="0%" />
              </conditions>
            </line>
            <line number="52" hits="0" branch="False" />
            <line number="54" hits="0" branch="False" />
          </lines>
        </class>
        <class line-rate="0" branch-rate="0" complexity="17" name="Microsoft.VisualStudio.TestPlatform.MSTest.TestAdapter.MSTestExecutor" filename="/_/src/Adapter/MSTest.TestAdapter/VSTestAdapter/MSTestExecutor.cs">
          <methods>
            <method line-rate="0" branch-rate="1" complexity="1" name=".ctor" signature="()">
              <lines>
                <line number="31" hits="0" branch="False" />
                <line number="33" hits="0" branch="False" />
                <line number="34" hits="0" branch="False" />
                <line number="35" hits="0" branch="False" />
              </lines>
            </method>
            <method line-rate="0" branch-rate="1" complexity="1" name=".ctor" signature="(System.Threading.CancellationToken)">
              <lines>
                <line number="37" hits="0" branch="False" />
                <line number="39" hits="0" branch="False" />
                <line number="40" hits="0" branch="False" />
                <line number="41" hits="0" branch="False" />
              </lines>
            </method>
            <method line-rate="0" branch-rate="1" complexity="1" name="get_TestExecutionManager" signature="()">
              <lines>
                <line number="46" hits="0" branch="False" />
              </lines>
            </method>
            <method line-rate="0" branch-rate="0" complexity="10" name="EnsureAdapterAndFrameworkVersions" signature="()">
              <lines>
                <line number="53" hits="0" branch="True" condition-coverage="0% (0/2)">
                  <conditions>
                    <condition number="0" type="jump" coverage="0%" />
                  </conditions>
                </line>
                <line number="54" hits="0" branch="True" condition-coverage="0% (0/2)">
                  <conditions>
                    <condition number="0" type="jump" coverage="0%" />
                  </conditions>
                </line>
                <line number="55" hits="0" branch="True" condition-coverage="0% (0/6)">
                  <conditions>
                    <condition number="0" type="jump" coverage="0%" />
                    <condition number="1" type="jump" coverage="0%" />
                    <condition number="2" type="jump" coverage="0%" />
                  </conditions>
                </line>
                <line number="56" hits="0" branch="False" />
                <line number="58" hits="0" branch="False" />
                <line number="60" hits="0" branch="False" />
              </lines>
            </method>
            <method line-rate="0" branch-rate="1" complexity="1" name="RunTests" signature="(System.Collections.Generic.IEnumerable&lt;Microsoft.VisualStudio.TestPlatform.ObjectModel.TestCase&gt;, Microsoft.VisualStudio.TestPlatform.ObjectModel.Adapter.IRunContext, Microsoft.VisualStudio.TestPlatform.ObjectModel.Adapter.IFrameworkHandle)">
              <lines>
                <line number="72" hits="0" branch="False" />
              </lines>
            </method>
            <method line-rate="0" branch-rate="1" complexity="1" name="RunTests" signature="(System.Collections.Generic.IEnumerable&lt;string&gt;, Microsoft.VisualStudio.TestPlatform.ObjectModel.Adapter.IRunContext, Microsoft.VisualStudio.TestPlatform.ObjectModel.Adapter.IFrameworkHandle)">
              <lines>
                <line number="84" hits="0" branch="False" />
              </lines>
            </method>
            <method line-rate="0" branch-rate="0" complexity="2" name="Cancel" signature="()">
              <lines>
                <line number="120" hits="0" branch="True" condition-coverage="0% (0/2)">
                  <conditions>
                    <condition number="0" type="jump" coverage="0%" />
                  </conditions>
                </line>
              </lines>
            </method>
          </methods>
          <lines>
            <line number="31" hits="0" branch="False" />
            <line number="33" hits="0" branch="False" />
            <line number="34" hits="0" branch="False" />
            <line number="35" hits="0" branch="False" />
            <line number="37" hits="0" branch="False" />
            <line number="39" hits="0" branch="False" />
            <line number="40" hits="0" branch="False" />
            <line number="41" hits="0" branch="False" />
            <line number="46" hits="0" branch="False" />
            <line number="53" hits="0" branch="True" condition-coverage="0% (0/2)">
              <conditions>
                <condition number="0" type="jump" coverage="0%" />
              </conditions>
            </line>
            <line number="54" hits="0" branch="True" condition-coverage="0% (0/2)">
              <conditions>
                <condition number="0" type="jump" coverage="0%" />
              </conditions>
            </line>
            <line number="55" hits="0" branch="True" condition-coverage="0% (0/6)">
              <conditions>
                <condition number="0" type="jump" coverage="0%" />
                <condition number="1" type="jump" coverage="0%" />
                <condition number="2" type="jump" coverage="0%" />
              </conditions>
            </line>
            <line number="56" hits="0" branch="False" />
            <line number="58" hits="0" branch="False" />
            <line number="60" hits="0" branch="False" />
            <line number="72" hits="0" branch="False" />
            <line number="84" hits="0" branch="False" />
            <line number="120" hits="0" branch="True" condition-coverage="0% (0/2)">
              <conditions>
                <condition number="0" type="jump" coverage="0%" />
              </conditions>
            </line>
          </lines>
        </class>
        <class line-rate="0" branch-rate="0" complexity="4" name="Microsoft.VisualStudio.TestTools.UnitTesting.MSTestBridgedTestFramework.&lt;SynchronizedRunTestsAsync&gt;d__4" filename="/_/src/Adapter/MSTest.TestAdapter/TestingPlatformAdapter/MSTestBridgedTestFramework.cs">
          <methods>
            <method line-rate="0" branch-rate="0" complexity="4" name="MoveNext" signature="()">
              <lines>
                <line number="48" hits="0" branch="True" condition-coverage="0% (0/4)">
                  <conditions>
                    <condition number="0" type="jump" coverage="0%" />
                    <condition number="1" type="jump" coverage="0%" />
                  </conditions>
                </line>
                <line number="49" hits="0" branch="False" />
                <line number="51" hits="0" branch="False" />
                <line number="54" hits="0" branch="False" />
                <line number="55" hits="0" branch="False" />
                <line number="56" hits="0" branch="False" />
                <line number="57" hits="0" branch="False" />
              </lines>
            </method>
          </methods>
          <lines>
            <line number="48" hits="0" branch="True" condition-coverage="0% (0/4)">
              <conditions>
                <condition number="0" type="jump" coverage="0%" />
                <condition number="1" type="jump" coverage="0%" />
              </conditions>
            </line>
            <line number="49" hits="0" branch="False" />
            <line number="51" hits="0" branch="False" />
            <line number="54" hits="0" branch="False" />
            <line number="55" hits="0" branch="False" />
            <line number="56" hits="0" branch="False" />
            <line number="57" hits="0" branch="False" />
          </lines>
        </class>
        <class line-rate="0" branch-rate="1" complexity="1" name="Microsoft.VisualStudio.TestTools.UnitTesting.MSTestExtension.&lt;&gt;c" filename="/_/src/Adapter/MSTest.TestAdapter/TestingPlatformAdapter/MSTestExtension.cs">
          <methods>
            <method line-rate="0" branch-rate="1" complexity="1" name="&lt;GetExtensionUid&gt;b__10_0" signature="(System.Reflection.AssemblyMetadataAttribute)">
              <lines>
                <line number="25" hits="0" branch="False" />
              </lines>
            </method>
          </methods>
          <lines>
            <line number="25" hits="0" branch="False" />
          </lines>
        </class>
        <class line-rate="0" branch-rate="1" complexity="3" name="Microsoft.VisualStudio.TestTools.UnitTesting.TestApplicationBuilderExtensions.MSTestCapabilities" filename="/_/src/Adapter/MSTest.TestAdapter/TestingPlatformAdapter/TestApplicationBuilderExtensions.cs">
          <methods>
            <method line-rate="0" branch-rate="1" complexity="1" name="Microsoft.Testing.Extensions.TrxReport.Abstractions.ITrxReportCapability.get_IsSupported" signature="()">
              <lines>
                <line number="24" hits="0" branch="False" />
              </lines>
            </method>
            <method line-rate="0" branch-rate="1" complexity="1" name="Microsoft.Testing.Extensions.TrxReport.Abstractions.ITrxReportCapability.Enable" signature="()">
              <lines>
                <line number="28" hits="0" branch="False" />
              </lines>
            </method>
            <method line-rate="0" branch-rate="1" complexity="1" name=".ctor" signature="()">
              <lines>
                <line number="24" hits="0" branch="False" />
              </lines>
            </method>
          </methods>
          <lines>
            <line number="24" hits="0" branch="False" />
            <line number="28" hits="0" branch="False" />
          </lines>
        </class>
        <class line-rate="0" branch-rate="1" complexity="1" name="Microsoft.VisualStudio.TestTools.UnitTesting.TestApplicationBuilderExtensions.&lt;&gt;c" filename="/_/src/Adapter/MSTest.TestAdapter/TestingPlatformAdapter/TestApplicationBuilderExtensions.cs">
          <methods>
            <method line-rate="0" branch-rate="1" complexity="1" name="&lt;AddMSTest&gt;b__1_0" signature="(System.IServiceProvider)">
              <lines>
                <line number="45" hits="0" branch="False" />
                <line number="46" hits="0" branch="False" />
                <line number="47" hits="0" branch="False" />
                <line number="48" hits="0" branch="False" />
              </lines>
            </method>
          </methods>
          <lines>
            <line number="45" hits="0" branch="False" />
            <line number="46" hits="0" branch="False" />
            <line number="47" hits="0" branch="False" />
            <line number="48" hits="0" branch="False" />
          </lines>
        </class>
        <class line-rate="0" branch-rate="1" complexity="1" name="Microsoft.VisualStudio.TestTools.UnitTesting.TestApplicationBuilderExtensions.&lt;&gt;c__DisplayClass1_0" filename="/_/src/Adapter/MSTest.TestAdapter/TestingPlatformAdapter/TestApplicationBuilderExtensions.cs">
          <methods>
            <method line-rate="0" branch-rate="1" complexity="1" name="&lt;AddMSTest&gt;b__1" signature="(Microsoft.Testing.Platform.Capabilities.TestFramework.ITestFrameworkCapabilities, System.IServiceProvider)">
              <lines>
                <line number="49" hits="0" branch="False" />
              </lines>
            </method>
          </methods>
          <lines>
            <line number="49" hits="0" branch="False" />
          </lines>
        </class>
        <class line-rate="0" branch-rate="1" complexity="1" name="Microsoft.VisualStudio.TestTools.UnitTesting.TestingPlatformBuilderHook.&lt;&gt;c" filename="/_/src/Adapter/MSTest.TestAdapter/TestingPlatformAdapter/TestingPlatformBuilderHook.cs">
          <methods>
            <method line-rate="0" branch-rate="1" complexity="1" name="&lt;AddExtensions&gt;b__0_0" signature="()">
              <lines>
                <line number="22" hits="0" branch="False" />
              </lines>
            </method>
          </methods>
          <lines>
            <line number="22" hits="0" branch="False" />
          </lines>
        </class>
        <class line-rate="0" branch-rate="1" complexity="1" name="Microsoft.VisualStudio.TestPlatform.MSTest.TestAdapter.MSTestExecutor.&lt;&gt;c" filename="/_/src/Adapter/MSTest.TestAdapter/VSTestAdapter/MSTestExecutor.cs">
          <methods>
            <method line-rate="0" branch-rate="1" complexity="1" name="&lt;RunTestsAsync&gt;b__10_0" signature="(Microsoft.VisualStudio.TestPlatform.ObjectModel.TestCase)">
              <lines>
                <line number="92" hits="0" branch="False" />
              </lines>
            </method>
          </methods>
          <lines>
            <line number="92" hits="0" branch="False" />
          </lines>
        </class>
        <class line-rate="0" branch-rate="1" complexity="1" name="Microsoft.VisualStudio.TestPlatform.MSTest.TestAdapter.MSTestExecutor.&lt;&gt;c__DisplayClass13_0" filename="/_/src/Adapter/MSTest.TestAdapter/VSTestAdapter/MSTestExecutor.cs">
          <methods>
            <method line-rate="0" branch-rate="1" complexity="1" name="&lt;RunTestsFromRightContextAsync&gt;b__1" signature="()">
              <lines>
                <line number="132" hits="0" branch="False" />
              </lines>
            </method>
          </methods>
          <lines>
            <line number="132" hits="0" branch="False" />
          </lines>
        </class>
        <class line-rate="0" branch-rate="0" complexity="4" name="Microsoft.VisualStudio.TestPlatform.MSTest.TestAdapter.MSTestExecutor.&lt;RunTestsAsync&gt;d__10" filename="/_/src/Adapter/MSTest.TestAdapter/VSTestAdapter/MSTestExecutor.cs">
          <methods>
            <method line-rate="0" branch-rate="0" complexity="4" name="MoveNext" signature="()">
              <lines>
                <line number="88" hits="0" branch="False" />
                <line number="89" hits="0" branch="False" />
                <line number="90" hits="0" branch="False" />
                <line number="92" hits="0" branch="True" condition-coverage="0% (0/4)">
                  <conditions>
                    <condition number="0" type="jump" coverage="0%" />
                    <condition number="1" type="jump" coverage="0%" />
                  </conditions>
                </line>
                <line number="94" hits="0" branch="False" />
                <line number="97" hits="0" branch="False" />
                <line number="98" hits="0" branch="False" />
              </lines>
            </method>
          </methods>
          <lines>
            <line number="88" hits="0" branch="False" />
            <line number="89" hits="0" branch="False" />
            <line number="90" hits="0" branch="False" />
            <line number="92" hits="0" branch="True" condition-coverage="0% (0/4)">
              <conditions>
                <condition number="0" type="jump" coverage="0%" />
                <condition number="1" type="jump" coverage="0%" />
              </conditions>
            </line>
            <line number="94" hits="0" branch="False" />
            <line number="97" hits="0" branch="False" />
            <line number="98" hits="0" branch="False" />
          </lines>
        </class>
        <class line-rate="0" branch-rate="0" complexity="2" name="Microsoft.VisualStudio.TestPlatform.MSTest.TestAdapter.MSTestExecutor.&lt;RunTestsAsync&gt;d__11" filename="/_/src/Adapter/MSTest.TestAdapter/VSTestAdapter/MSTestExecutor.cs">
          <methods>
            <method line-rate="0" branch-rate="0" complexity="2" name="MoveNext" signature="()">
              <lines>
                <line number="102" hits="0" branch="False" />
                <line number="103" hits="0" branch="False" />
                <line number="104" hits="0" branch="False" />
                <line number="106" hits="0" branch="False" />
                <line number="107" hits="0" branch="True" condition-coverage="0% (0/2)">
                  <conditions>
                    <condition number="0" type="jump" coverage="0%" />
                  </conditions>
                </line>
                <line number="109" hits="0" branch="False" />
                <line number="112" hits="0" branch="False" />
                <line number="113" hits="0" branch="False" />
                <line number="114" hits="0" branch="False" />
              </lines>
            </method>
          </methods>
          <lines>
            <line number="102" hits="0" branch="False" />
            <line number="103" hits="0" branch="False" />
            <line number="104" hits="0" branch="False" />
            <line number="106" hits="0" branch="False" />
            <line number="107" hits="0" branch="True" condition-coverage="0% (0/2)">
              <conditions>
                <condition number="0" type="jump" coverage="0%" />
              </conditions>
            </line>
            <line number="109" hits="0" branch="False" />
            <line number="112" hits="0" branch="False" />
            <line number="113" hits="0" branch="False" />
            <line number="114" hits="0" branch="False" />
          </lines>
        </class>
        <class line-rate="0" branch-rate="0" complexity="12" name="Microsoft.VisualStudio.TestPlatform.MSTest.TestAdapter.MSTestExecutor.&lt;RunTestsFromRightContextAsync&gt;d__13" filename="/_/src/Adapter/MSTest.TestAdapter/VSTestAdapter/MSTestExecutor.cs">
          <methods>
            <method line-rate="0" branch-rate="0" complexity="12" name="MoveNext" signature="()">
              <lines>
                <line number="124" hits="0" branch="False" />
                <line number="128" hits="0" branch="True" condition-coverage="0% (0/6)">
                  <conditions>
                    <condition number="0" type="jump" coverage="0%" />
                    <condition number="1" type="jump" coverage="0%" />
                    <condition number="2" type="jump" coverage="0%" />
                  </conditions>
                </line>
                <line number="129" hits="0" branch="False" />
                <line number="130" hits="0" branch="False" />
                <line number="132" hits="0" branch="False" />
                <line number="133" hits="0" branch="False" />
                <line number="134" hits="0" branch="False" />
                <line number="135" hits="0" branch="False" />
                <line number="137" hits="0" branch="False" />
                <line number="138" hits="0" branch="False" />
                <line number="142" hits="0" branch="False" />
                <line number="143" hits="0" branch="False" />
                <line number="144" hits="0" branch="False" />
                <line number="145" hits="0" branch="False" />
                <line number="147" hits="0" branch="False" />
                <line number="148" hits="0" branch="False" />
                <line number="153" hits="0" branch="True" condition-coverage="0% (0/6)">
                  <conditions>
                    <condition number="0" type="jump" coverage="0%" />
                    <condition number="1" type="jump" coverage="0%" />
                    <condition number="2" type="jump" coverage="0%" />
                  </conditions>
                </line>
                <line number="154" hits="0" branch="False" />
                <line number="156" hits="0" branch="False" />
                <line number="159" hits="0" branch="False" />
                <line number="178" hits="0" branch="False" />
              </lines>
            </method>
          </methods>
          <lines>
            <line number="124" hits="0" branch="False" />
            <line number="128" hits="0" branch="True" condition-coverage="0% (0/6)">
              <conditions>
                <condition number="0" type="jump" coverage="0%" />
                <condition number="1" type="jump" coverage="0%" />
                <condition number="2" type="jump" coverage="0%" />
              </conditions>
            </line>
            <line number="129" hits="0" branch="False" />
            <line number="130" hits="0" branch="False" />
            <line number="132" hits="0" branch="False" />
            <line number="133" hits="0" branch="False" />
            <line number="134" hits="0" branch="False" />
            <line number="135" hits="0" branch="False" />
            <line number="137" hits="0" branch="False" />
            <line number="138" hits="0" branch="False" />
            <line number="142" hits="0" branch="False" />
            <line number="143" hits="0" branch="False" />
            <line number="144" hits="0" branch="False" />
            <line number="145" hits="0" branch="False" />
            <line number="147" hits="0" branch="False" />
            <line number="148" hits="0" branch="False" />
            <line number="153" hits="0" branch="True" condition-coverage="0% (0/6)">
              <conditions>
                <condition number="0" type="jump" coverage="0%" />
                <condition number="1" type="jump" coverage="0%" />
                <condition number="2" type="jump" coverage="0%" />
              </conditions>
            </line>
            <line number="154" hits="0" branch="False" />
            <line number="156" hits="0" branch="False" />
            <line number="159" hits="0" branch="False" />
            <line number="178" hits="0" branch="False" />
          </lines>
        </class>
        <class line-rate="0" branch-rate="1" complexity="1" name="Microsoft.VisualStudio.TestPlatform.MSTest.TestAdapter.MSTestExecutor.&lt;&gt;c__DisplayClass10_0.&lt;&lt;RunTestsAsync&gt;b__1&gt;d" filename="/_/src/Adapter/MSTest.TestAdapter/VSTestAdapter/MSTestExecutor.cs">
          <methods>
            <method line-rate="0" branch-rate="1" complexity="1" name="MoveNext" signature="()">
              <lines>
                <line number="97" hits="0" branch="False" />
              </lines>
            </method>
          </methods>
          <lines>
            <line number="97" hits="0" branch="False" />
          </lines>
        </class>
        <class line-rate="0" branch-rate="1" complexity="1" name="Microsoft.VisualStudio.TestPlatform.MSTest.TestAdapter.MSTestExecutor.&lt;&gt;c__DisplayClass11_0.&lt;&lt;RunTestsAsync&gt;b__0&gt;d" filename="/_/src/Adapter/MSTest.TestAdapter/VSTestAdapter/MSTestExecutor.cs">
          <methods>
            <method line-rate="0" branch-rate="1" complexity="1" name="MoveNext" signature="()">
              <lines>
                <line number="113" hits="0" branch="False" />
              </lines>
            </method>
          </methods>
          <lines>
            <line number="113" hits="0" branch="False" />
          </lines>
        </class>
        <class line-rate="0" branch-rate="1" complexity="1" name="Microsoft.VisualStudio.TestPlatform.MSTest.TestAdapter.MSTestExecutor.&lt;&gt;c__DisplayClass13_0.&lt;&lt;RunTestsFromRightContextAsync&gt;g__DoRunTestsAsync|0&gt;d" filename="/_/src/Adapter/MSTest.TestAdapter/VSTestAdapter/MSTestExecutor.cs">
          <methods>
            <method line-rate="0" branch-rate="1" complexity="1" name="MoveNext" signature="()">
              <lines>
                <line number="165" hits="0" branch="False" />
                <line number="169" hits="0" branch="False" />
                <line number="170" hits="0" branch="False" />
                <line number="171" hits="0" branch="False" />
                <line number="174" hits="0" branch="False" />
                <line number="176" hits="0" branch="False" />
                <line number="177" hits="0" branch="False" />
              </lines>
            </method>
          </methods>
          <lines>
            <line number="165" hits="0" branch="False" />
            <line number="169" hits="0" branch="False" />
            <line number="170" hits="0" branch="False" />
            <line number="171" hits="0" branch="False" />
            <line number="174" hits="0" branch="False" />
            <line number="176" hits="0" branch="False" />
            <line number="177" hits="0" branch="False" />
          </lines>
        </class>
      </classes>
    </package>
  </packages>
</coverage>